<?xml version="1.0" encoding="UTF-8"?>
<!-- Generated by org.testng.reporters.JUnitXMLReporter -->
<testsuite ignored="14" hostname="Administrator" failures="1" tests="14" name="Default test" time="0.732" errors="0" timestamp="2021-07-11T17:15:58 IST">
  <testcase classname="com.qa.cxplite.utils.TestBase1" name="@BeforeTest initialization" time="-1.626003957905E9">
    <failure type="org.testng.TestNGException" message="
Parameter &amp;apos;browserName&amp;apos; is required by BeforeTest on method initialization but has not been marked @Optional or defined
in C:\Users\mani\AppData\Local\Temp\testng-eclipse--1101707200\testng-customsuite.xml">
      <![CDATA[org.testng.TestNGException: 
Parameter 'browserName' is required by BeforeTest on method initialization but has not been marked @Optional or defined
in C:\Users\mani\AppData\Local\Temp\testng-eclipse--1101707200\testng-customsuite.xml
at org.testng.internal.Parameters.createParams(Parameters.java:268)
at org.testng.internal.Parameters.createParametersForMethod(Parameters.java:356)
at org.testng.internal.Parameters.createParameters(Parameters.java:700)
at org.testng.internal.Parameters.createConfigurationParameters(Parameters.java:166)
at org.testng.internal.ConfigInvoker.invokeConfigurations(ConfigInvoker.java:301)
at org.testng.TestRunner.invokeTestConfigurations(TestRunner.java:617)
at org.testng.TestRunner.beforeRun(TestRunner.java:607)
at org.testng.TestRunner.run(TestRunner.java:578)
at org.testng.SuiteRunner.runTest(SuiteRunner.java:384)
at org.testng.SuiteRunner.runSequentially(SuiteRunner.java:378)
at org.testng.SuiteRunner.privateRun(SuiteRunner.java:337)
at org.testng.SuiteRunner.run(SuiteRunner.java:286)
at org.testng.SuiteRunnerWorker.runSuite(SuiteRunnerWorker.java:53)
at org.testng.SuiteRunnerWorker.run(SuiteRunnerWorker.java:96)
at org.testng.TestNG.runSuitesSequentially(TestNG.java:1218)
at org.testng.TestNG.runSuitesLocally(TestNG.java:1140)
at org.testng.TestNG.runSuites(TestNG.java:1069)
at org.testng.TestNG.run(TestNG.java:1037)
at org.testng.remote.AbstractRemoteTestNG.run(AbstractRemoteTestNG.java:115)
at org.testng.remote.RemoteTestNG.initAndRun(RemoteTestNG.java:251)
at org.testng.remote.RemoteTestNG.main(RemoteTestNG.java:77)
]]>
    </failure>
  </testcase> <!-- @BeforeTest initialization -->
  <testcase classname="com.qa.cxplite.tests.createbillservicetest" name="@BeforeClass billservicesetup" time="-1.626003958045E9">
    <skipped/>
  </testcase> <!-- @BeforeClass billservicesetup -->
  <testcase classname="com.qa.cxplite.tests.CreateEventOrderTest" name="@BeforeClass eventordersetup" time="-1.626003958152E9">
    <skipped/>
  </testcase> <!-- @BeforeClass eventordersetup -->
  <testcase classname="com.qa.cxplite.tests.CreateEventTest" name="@BeforeClass validateeventpage" time="-1.626003958279E9">
    <skipped/>
  </testcase> <!-- @BeforeClass validateeventpage -->
  <testcase classname="com.qa.cxplite.tests.QuickCreateEventTest" name="@BeforeClass validateeventpage" time="-1.626003958394E9">
    <skipped/>
  </testcase> <!-- @BeforeClass validateeventpage -->
  <testcase classname="com.qa.cxplite.tests.cxplite_changerequestTest" name="@BeforeClass change_request" time="-1.626003958456E9">
    <skipped/>
  </testcase> <!-- @BeforeClass change_request -->
  <testcase classname="com.qa.cxplite.tests.CreateEstimateTest" name="@BeforeClass CreateEstimates" time="-1.626003958486E9">
    <skipped/>
  </testcase> <!-- @BeforeClass CreateEstimates -->
  <testcase classname="com.qa.cxplite.tests.cxpCreateCustomerTest" name="@BeforeClass validatecreatecustomer" time="-1.626003958521E9">
    <skipped/>
  </testcase> <!-- @BeforeClass validatecreatecustomer -->
  <testcase classname="com.qa.cxplite.tests.cxpEventHistoryTest" name="@BeforeClass eventhistorysetup" time="-1.626003958535E9">
    <skipped/>
  </testcase> <!-- @BeforeClass eventhistorysetup -->
  <testcase classname="com.qa.cxplite.tests.logout" name="@AfterTest teardown" time="-1.626003958612E9">
    <skipped/>
  </testcase> <!-- @AfterTest teardown -->
  <testcase classname="com.qa.cxplite.tests.createbillservicetest" name="bill_service" time="0.0">
    <skipped/>
  </testcase> <!-- bill_service -->
  <testcase classname="com.qa.cxplite.tests.CreateEventOrderTest" name="eventnumberSearch" time="0.0">
    <skipped/>
  </testcase> <!-- eventnumberSearch -->
  <testcase classname="com.qa.cxplite.tests.CreateEventOrderTest" name="add_menu" time="0.0">
    <skipped/>
  </testcase> <!-- add_menu -->
  <testcase classname="com.qa.cxplite.tests.cxpLoginTest" name="validatelogin" time="0.0">
    <failure type="org.testng.TestNGException" message="
Parameter &amp;apos;catererID&amp;apos; is required by @Test on method validatelogin but has not been marked @Optional or defined
in C:\Users\mani\AppData\Local\Temp\testng-eclipse--1101707200\testng-customsuite.xml">
      <![CDATA[org.testng.TestNGException: 
Parameter 'catererID' is required by @Test on method validatelogin but has not been marked @Optional or defined
in C:\Users\mani\AppData\Local\Temp\testng-eclipse--1101707200\testng-customsuite.xml
at org.testng.internal.Parameters.createParams(Parameters.java:268)
at org.testng.internal.Parameters.createParametersForMethod(Parameters.java:356)
at org.testng.internal.Parameters.createParameters(Parameters.java:700)
at org.testng.internal.Parameters.handleParameters(Parameters.java:875)
at org.testng.internal.Parameters.handleParameters(Parameters.java:740)
at org.testng.internal.ParameterHandler.handleParameters(ParameterHandler.java:59)
at org.testng.internal.ParameterHandler.createParameters(ParameterHandler.java:38)
at org.testng.internal.TestInvoker$MethodInvocationAgent.invoke(TestInvoker.java:789)
at org.testng.internal.TestInvoker.invokeTestMethods(TestInvoker.java:147)
at org.testng.internal.TestMethodWorker.invokeTestMethods(TestMethodWorker.java:146)
at org.testng.internal.TestMethodWorker.run(TestMethodWorker.java:128)
at java.base/java.util.ArrayList.forEach(ArrayList.java:1511)
at org.testng.TestRunner.privateRun(TestRunner.java:764)
at org.testng.TestRunner.run(TestRunner.java:585)
at org.testng.SuiteRunner.runTest(SuiteRunner.java:384)
at org.testng.SuiteRunner.runSequentially(SuiteRunner.java:378)
at org.testng.SuiteRunner.privateRun(SuiteRunner.java:337)
at org.testng.SuiteRunner.run(SuiteRunner.java:286)
at org.testng.SuiteRunnerWorker.runSuite(SuiteRunnerWorker.java:53)
at org.testng.SuiteRunnerWorker.run(SuiteRunnerWorker.java:96)
at org.testng.TestNG.runSuitesSequentially(TestNG.java:1218)
at org.testng.TestNG.runSuitesLocally(TestNG.java:1140)
at org.testng.TestNG.runSuites(TestNG.java:1069)
at org.testng.TestNG.run(TestNG.java:1037)
at org.testng.remote.AbstractRemoteTestNG.run(AbstractRemoteTestNG.java:115)
at org.testng.remote.RemoteTestNG.initAndRun(RemoteTestNG.java:251)
at org.testng.remote.RemoteTestNG.main(RemoteTestNG.java:77)
]]>
    </failure>
  </testcase> <!-- validatelogin -->
  <testcase classname="com.qa.cxplite.tests.ValidateHomePageTest" name="validatehomepage" time="0.0">
    <skipped/>
  </testcase> <!-- validatehomepage -->
  <testcase classname="com.qa.cxplite.tests.CreateEventTest" name="validateCreateEvent" time="0.0">
    <skipped/>
  </testcase> <!-- validateCreateEvent -->
  <testcase classname="com.qa.cxplite.tests.CreateEventTest" name="serachEventTest" time="0.0">
    <skipped/>
  </testcase> <!-- serachEventTest -->
  <testcase classname="com.qa.cxplite.tests.QuickCreateEventTest" name="validateCreateEvent" time="0.0">
    <skipped/>
  </testcase> <!-- validateCreateEvent -->
  <testcase classname="com.qa.cxplite.tests.QuickCreateEventTest" name="serachEventTest" time="0.0">
    <skipped/>
  </testcase> <!-- serachEventTest -->
  <testcase classname="com.qa.cxplite.tests.cxplite_changerequestTest" name="changerequest" time="0.0">
    <skipped/>
  </testcase> <!-- changerequest -->
  <testcase classname="com.qa.cxplite.tests.CreateEstimateTest" name="validateCreateEstimates" time="0.0">
    <skipped/>
  </testcase> <!-- validateCreateEstimates -->
  <testcase classname="com.qa.cxplite.tests.cxpCreateCustomerTest" name="validateCreateCustomer" time="0.0">
    <skipped/>
  </testcase> <!-- validateCreateCustomer -->
  <testcase classname="com.qa.cxplite.tests.cxpEventHistoryTest" name="eventnumberSearch" time="0.0">
    <skipped/>
  </testcase> <!-- eventnumberSearch -->
  <testcase classname="com.qa.cxplite.tests.cxpEventHistoryTest" name="eventhistorytabledata" time="0.0">
    <skipped/>
  </testcase> <!-- eventhistorytabledata -->
  <testcase classname="com.qa.cxplite.utils.TestBase1" name="@BeforeTest initialization" time="0.0">
    <ignored/>
  </testcase> <!-- @BeforeTest initialization -->
  <testcase classname="com.qa.cxplite.utils.TestBase1" name="@BeforeTest initialization" time="0.0">
    <ignored/>
  </testcase> <!-- @BeforeTest initialization -->
  <testcase classname="com.qa.cxplite.utils.TestBase1" name="@BeforeTest initialization" time="0.0">
    <ignored/>
  </testcase> <!-- @BeforeTest initialization -->
  <testcase classname="com.qa.cxplite.utils.TestBase1" name="@BeforeTest initialization" time="0.0">
    <ignored/>
  </testcase> <!-- @BeforeTest initialization -->
  <testcase classname="com.qa.cxplite.utils.TestBase1" name="@BeforeTest initialization" time="0.0">
    <ignored/>
  </testcase> <!-- @BeforeTest initialization -->
  <testcase classname="com.qa.cxplite.utils.TestBase1" name="@BeforeTest initialization" time="0.0">
    <ignored/>
  </testcase> <!-- @BeforeTest initialization -->
  <testcase classname="com.qa.cxplite.utils.TestBase1" name="@BeforeTest initialization" time="0.0">
    <ignored/>
  </testcase> <!-- @BeforeTest initialization -->
  <testcase classname="com.qa.cxplite.utils.TestBase1" name="@BeforeTest initialization" time="0.0">
    <ignored/>
  </testcase> <!-- @BeforeTest initialization -->
  <testcase classname="com.qa.cxplite.utils.TestBase1" name="@BeforeTest initialization" time="0.0">
    <ignored/>
  </testcase> <!-- @BeforeTest initialization -->
  <testcase classname="com.qa.cxplite.utils.TestBase1" name="@BeforeTest initialization" time="0.0">
    <ignored/>
  </testcase> <!-- @BeforeTest initialization -->
  <testcase classname="com.qa.cxplite.utils.TestBase1" name="@BeforeTest initialization" time="0.0">
    <ignored/>
  </testcase> <!-- @BeforeTest initialization -->
  <testcase classname="com.qa.cxplite.utils.TestBase1" name="@BeforeTest initialization" time="0.0">
    <ignored/>
  </testcase> <!-- @BeforeTest initialization -->
  <testcase classname="com.qa.cxplite.utils.TestBase1" name="@BeforeTest initialization" time="0.0">
    <ignored/>
  </testcase> <!-- @BeforeTest initialization -->
  <testcase classname="com.qa.cxplite.utils.TestBase1" name="@BeforeTest initialization" time="0.0">
    <ignored/>
  </testcase> <!-- @BeforeTest initialization -->
</testsuite> <!-- Default test -->
